D:\NEW\TEST\DEMO\DEMO\C++\RONGQI\RONGQI\DEBUG\RONGQI.PCH
D:\NEW\TEST\DEMO\DEMO\C++\RONGQI\RONGQI\DEBUG\STDAFX.OBJ
D:\NEW\TEST\DEMO\DEMO\C++\RONGQI\RONGQI\DEBUG\VC110.PDB
D:\NEW\TEST\DEMO\DEMO\C++\RONGQI\RONGQI\DEBUG\RONGQI.OBJ
D:\new\test\DEMO\DEMO\C++\rongqi\rongqi\Debug\rongqi.obj
D:\new\test\DEMO\DEMO\C++\rongqi\rongqi\Debug\stdafx.obj
D:\new\test\DEMO\DEMO\C++\rongqi\rongqi\Debug\cl.command.1.tlog
D:\new\test\DEMO\DEMO\C++\rongqi\rongqi\Debug\CL.read.1.tlog
D:\new\test\DEMO\DEMO\C++\rongqi\rongqi\Debug\CL.write.1.tlog
D:\new\test\DEMO\DEMO\C++\rongqi\rongqi\Debug\link-cvtres.read.1.tlog
D:\new\test\DEMO\DEMO\C++\rongqi\rongqi\Debug\link-cvtres.write.1.tlog
D:\new\test\DEMO\DEMO\C++\rongqi\rongqi\Debug\link-rc.read.1.tlog
D:\new\test\DEMO\DEMO\C++\rongqi\rongqi\Debug\link-rc.write.1.tlog
D:\new\test\DEMO\DEMO\C++\rongqi\rongqi\Debug\link.command.1.tlog
D:\new\test\DEMO\DEMO\C++\rongqi\rongqi\Debug\link.read.1.tlog
D:\new\test\DEMO\DEMO\C++\rongqi\rongqi\Debug\link.write.1.tlog
D:\new\test\DEMO\DEMO\C++\rongqi\rongqi\Debug\rongqi.exe.embed.manifest
D:\new\test\DEMO\DEMO\C++\rongqi\rongqi\Debug\rongqi.exe.intermediate.manifest
D:\new\test\DEMO\DEMO\C++\rongqi\rongqi\Debug\rongqi.exe.embed.manifest.res
D:\new\test\DEMO\DEMO\C++\rongqi\rongqi\Debug\rongqi.pch
D:\new\test\DEMO\DEMO\C++\rongqi\rongqi\Debug\rongqi.pchast
D:\new\test\DEMO\DEMO\C++\rongqi\rongqi\Debug\vc110.idb
D:\new\test\DEMO\DEMO\C++\rongqi\rongqi\Debug\vc90.idb
D:\new\test\DEMO\DEMO\C++\rongqi\rongqi\Debug\vc110.pdb
D:\new\test\DEMO\DEMO\C++\rongqi\rongqi\Debug\vc90.pdb
D:\new\test\DEMO\DEMO\C++\rongqi\Debug\rongqi.pdb
D:\new\test\DEMO\DEMO\C++\rongqi\Debug\rongqi.exe.CodeAnalysisLog.xml
D:\new\test\DEMO\DEMO\C++\rongqi\Debug\rongqi.exe.lastcodeanalysissucceeded
