D:\NEW\TEST\DEMO\DEMO\LUA\LUA_C\LUA_C\DEBUG\LUA_C.PCH
D:\NEW\TEST\DEMO\DEMO\LUA\LUA_C\LUA_C\DEBUG\STDAFX.OBJ
D:\NEW\TEST\DEMO\DEMO\LUA\LUA_C\LUA_C\DEBUG\VC110.PDB
D:\NEW\TEST\DEMO\DEMO\LUA\LUA_C\LUA_C\DEBUG\LUA_C.OBJ
D:\NEW\TEST\DEMO\DEMO\LUA\LUA_C\DEBUG\LUA_C.ILK
D:\NEW\TEST\DEMO\DEMO\LUA\LUA_C\DEBUG\LUA_C.EXE
D:\NEW\TEST\DEMO\DEMO\LUA\LUA_C\DEBUG\LUA_C.PDB
D:\new\test\DEMO\DEMO\lua\lua_c\lua_c\Debug\lua_c.obj
D:\new\test\DEMO\DEMO\lua\lua_c\lua_c\Debug\stdafx.obj
D:\new\test\DEMO\DEMO\lua\lua_c\lua_c\Debug\cl.command.1.tlog
D:\new\test\DEMO\DEMO\lua\lua_c\lua_c\Debug\CL.read.1.tlog
D:\new\test\DEMO\DEMO\lua\lua_c\lua_c\Debug\CL.write.1.tlog
D:\new\test\DEMO\DEMO\lua\lua_c\lua_c\Debug\link-cvtres.read.1.tlog
D:\new\test\DEMO\DEMO\lua\lua_c\lua_c\Debug\link-cvtres.write.1.tlog
D:\new\test\DEMO\DEMO\lua\lua_c\lua_c\Debug\link-rc.read.1.tlog
D:\new\test\DEMO\DEMO\lua\lua_c\lua_c\Debug\link-rc.write.1.tlog
D:\new\test\DEMO\DEMO\lua\lua_c\lua_c\Debug\link.1068-cvtres.read.1.tlog
D:\new\test\DEMO\DEMO\lua\lua_c\lua_c\Debug\link.1068-cvtres.write.1.tlog
D:\new\test\DEMO\DEMO\lua\lua_c\lua_c\Debug\link.1068-rc.read.1.tlog
D:\new\test\DEMO\DEMO\lua\lua_c\lua_c\Debug\link.1068-rc.write.1.tlog
D:\new\test\DEMO\DEMO\lua\lua_c\lua_c\Debug\link.1068.read.1.tlog
D:\new\test\DEMO\DEMO\lua\lua_c\lua_c\Debug\link.1068.write.1.tlog
D:\new\test\DEMO\DEMO\lua\lua_c\lua_c\Debug\link.command.1.tlog
D:\new\test\DEMO\DEMO\lua\lua_c\lua_c\Debug\link.read.1.tlog
D:\new\test\DEMO\DEMO\lua\lua_c\lua_c\Debug\link.write.1.tlog
D:\new\test\DEMO\DEMO\lua\lua_c\lua_c\Debug\lua_c.pch
D:\new\test\DEMO\DEMO\lua\lua_c\lua_c\Debug\vc110.idb
D:\new\test\DEMO\DEMO\lua\lua_c\lua_c\Debug\vc110.pdb
D:\new\test\DEMO\DEMO\lua\lua_c\Debug\lua_c.pdb
D:\new\test\DEMO\DEMO\lua\lua_c\Debug\lua_c.exe
D:\new\test\DEMO\DEMO\lua\lua_c\Debug\lua_c.ilk
