生成启动时间为 2018/9/7 10:59:50。
     1>项目“D:\new\test\DEMO\DEMO\lua\lua53\lua53\lua53.vcxproj”在节点 2 上(Build 个目标)。
     1>ClCompile:
         C:\Program Files (x86)\Microsoft Visual Studio 11.0\VC\bin\CL.exe /c /ZI /nologo /W3 /WX- /Od /Oy- /D WIN32 /D _DEBUG /D _LIB /D _UNICODE /D UNICODE /Gm /EHsc /RTC1 /MDd /GS /fp:precise /Zc:wchar_t /Zc:forScope /Fo"Debug\\" /Fd"Debug\vc110.pdb" /Gd /TC /analyze- /errorReport:prompt "..\..\lua-5.3.0\src\lapi.c" "..\..\lua-5.3.0\src\lauxlib.c" "..\..\lua-5.3.0\src\lbaselib.c" "..\..\lua-5.3.0\src\lbitlib.c" "..\..\lua-5.3.0\src\lcode.c" "..\..\lua-5.3.0\src\lcorolib.c" "..\..\lua-5.3.0\src\lctype.c" "..\..\lua-5.3.0\src\ldblib.c" "..\..\lua-5.3.0\src\ldebug.c" "..\..\lua-5.3.0\src\ldo.c" "..\..\lua-5.3.0\src\ldump.c" "..\..\lua-5.3.0\src\lfunc.c" "..\..\lua-5.3.0\src\lgc.c" "..\..\lua-5.3.0\src\linit.c" "..\..\lua-5.3.0\src\liolib.c" "..\..\lua-5.3.0\src\llex.c" "..\..\lua-5.3.0\src\lmathlib.c" "..\..\lua-5.3.0\src\lmem.c" "..\..\lua-5.3.0\src\loadlib.c" "..\..\lua-5.3.0\src\lobject.c" "..\..\lua-5.3.0\src\lopcodes.c" "..\..\lua-5.3.0\src\loslib.c" "..\..\lua-5.3.0\src\lparser.c" "..\..\lua-5.3.0\src\lstate.c" "..\..\lua-5.3.0\src\lstring.c" "..\..\lua-5.3.0\src\lstrlib.c" "..\..\lua-5.3.0\src\ltable.c" "..\..\lua-5.3.0\src\ltablib.c" "..\..\lua-5.3.0\src\ltm.c" "..\..\lua-5.3.0\src\luac.c" "..\..\lua-5.3.0\src\lundump.c" "..\..\lua-5.3.0\src\lutf8lib.c" "..\..\lua-5.3.0\src\lvm.c" "..\..\lua-5.3.0\src\lzio.c"
         lzio.c
         lvm.c
         lutf8lib.c
         lundump.c
         luac.c
         ltm.c
         ltablib.c
         ltable.c
         lstrlib.c
         lstring.c
         lstate.c
         lparser.c
         loslib.c
         lopcodes.c
         lobject.c
         loadlib.c
         lmem.c
         lmathlib.c
         llex.c
         liolib.c
         正在生成代码...
         正在编译...
         linit.c
         lgc.c
         lfunc.c
         ldump.c
         ldo.c
         ldebug.c
         ldblib.c
         lctype.c
         lcorolib.c
         lcode.c
         lbitlib.c
         lbaselib.c
         lauxlib.c
         lapi.c
         正在生成代码...
       Lib:
         C:\Program Files (x86)\Microsoft Visual Studio 11.0\VC\bin\Lib.exe /OUT:"D:\new\test\DEMO\DEMO\lua\lua53\Debug\lua53.lib" /NOLOGO Debug\lapi.obj
         Debug\lauxlib.obj
         Debug\lbaselib.obj
         Debug\lbitlib.obj
         Debug\lcode.obj
         Debug\lcorolib.obj
         Debug\lctype.obj
         Debug\ldblib.obj
         Debug\ldebug.obj
         Debug\ldo.obj
         Debug\ldump.obj
         Debug\lfunc.obj
         Debug\lgc.obj
         Debug\linit.obj
         Debug\liolib.obj
         Debug\llex.obj
         Debug\lmathlib.obj
         Debug\lmem.obj
         Debug\loadlib.obj
         Debug\lobject.obj
         Debug\lopcodes.obj
         Debug\loslib.obj
         Debug\lparser.obj
         Debug\lstate.obj
         Debug\lstring.obj
         Debug\lstrlib.obj
         Debug\ltable.obj
         Debug\ltablib.obj
         Debug\ltm.obj
         Debug\luac.obj
         Debug\lundump.obj
         Debug\lutf8lib.obj
         Debug\lvm.obj
         Debug\lzio.obj
         lua53.vcxproj -> D:\new\test\DEMO\DEMO\lua\lua53\Debug\lua53.lib
     1>已完成生成项目“D:\new\test\DEMO\DEMO\lua\lua53\lua53\lua53.vcxproj”(Build 个目标)的操作。

生成成功。

已用时间 00:00:02.38
