D:\NEW\TEST\DEMO\DEMO\C++\FILEADD\FILEADD\DEBUG\RONGQI.PCH
D:\NEW\TEST\DEMO\DEMO\C++\FILEADD\FILEADD\DEBUG\STDAFX.OBJ
D:\NEW\TEST\DEMO\DEMO\C++\FILEADD\FILEADD\DEBUG\VC110.PDB
D:\NEW\TEST\DEMO\DEMO\C++\FILEADD\FILEADD\DEBUG\FILEADD.OBJ
D:\new\test\DEMO\DEMO\C++\fileadd\fileadd\Debug\fileadd.obj
D:\new\test\DEMO\DEMO\C++\fileadd\fileadd\Debug\stdafx.obj
D:\new\test\DEMO\DEMO\C++\fileadd\fileadd\Debug\cl.command.1.tlog
D:\new\test\DEMO\DEMO\C++\fileadd\fileadd\Debug\CL.read.1.tlog
D:\new\test\DEMO\DEMO\C++\fileadd\fileadd\Debug\CL.write.1.tlog
D:\new\test\DEMO\DEMO\C++\fileadd\fileadd\Debug\link-cvtres.read.1.tlog
D:\new\test\DEMO\DEMO\C++\fileadd\fileadd\Debug\link-cvtres.write.1.tlog
D:\new\test\DEMO\DEMO\C++\fileadd\fileadd\Debug\link-rc.read.1.tlog
D:\new\test\DEMO\DEMO\C++\fileadd\fileadd\Debug\link-rc.write.1.tlog
D:\new\test\DEMO\DEMO\C++\fileadd\fileadd\Debug\link.command.1.tlog
D:\new\test\DEMO\DEMO\C++\fileadd\fileadd\Debug\link.read.1.tlog
D:\new\test\DEMO\DEMO\C++\fileadd\fileadd\Debug\link.write.1.tlog
D:\new\test\DEMO\DEMO\C++\fileadd\fileadd\Debug\rongqi.exe.embed.manifest
D:\new\test\DEMO\DEMO\C++\fileadd\fileadd\Debug\rongqi.exe.intermediate.manifest
D:\new\test\DEMO\DEMO\C++\fileadd\fileadd\Debug\rongqi.exe.embed.manifest.res
D:\new\test\DEMO\DEMO\C++\fileadd\fileadd\Debug\rongqi.pch
D:\new\test\DEMO\DEMO\C++\fileadd\fileadd\Debug\rongqi.pchast
D:\new\test\DEMO\DEMO\C++\fileadd\fileadd\Debug\vc110.idb
D:\new\test\DEMO\DEMO\C++\fileadd\fileadd\Debug\vc90.idb
D:\new\test\DEMO\DEMO\C++\fileadd\fileadd\Debug\vc110.pdb
D:\new\test\DEMO\DEMO\C++\fileadd\fileadd\Debug\vc90.pdb
D:\new\test\DEMO\DEMO\C++\fileadd\Debug\rongqi.pdb
