D:\NEW\TEST\DEMO\DEMO\C++\TEMP\SHUANFA\DEBUG\SHUANFA.PCH
D:\NEW\TEST\DEMO\DEMO\C++\TEMP\SHUANFA\DEBUG\STDAFX.OBJ
D:\NEW\TEST\DEMO\DEMO\C++\TEMP\SHUANFA\DEBUG\VC110.PDB
D:\NEW\TEST\DEMO\DEMO\C++\TEMP\SHUANFA\DEBUG\SHUANFA.OBJ
D:\NEW\TEST\DEMO\DEMO\C++\TEMP\DEBUG\SHUANFA.ILK
D:\NEW\TEST\DEMO\DEMO\C++\TEMP\DEBUG\SHUANFA.EXE
D:\NEW\TEST\DEMO\DEMO\C++\TEMP\DEBUG\SHUANFA.PDB
D:\new\test\DEMO\DEMO\C++\temp\shuanfa\Debug\stdafx.obj
D:\new\test\DEMO\DEMO\C++\temp\shuanfa\Debug\cl.command.1.tlog
D:\new\test\DEMO\DEMO\C++\temp\shuanfa\Debug\CL.read.1.tlog
D:\new\test\DEMO\DEMO\C++\temp\shuanfa\Debug\CL.write.1.tlog
D:\new\test\DEMO\DEMO\C++\temp\shuanfa\Debug\link-cvtres.read.1.tlog
D:\new\test\DEMO\DEMO\C++\temp\shuanfa\Debug\link-cvtres.write.1.tlog
D:\new\test\DEMO\DEMO\C++\temp\shuanfa\Debug\link-rc.read.1.tlog
D:\new\test\DEMO\DEMO\C++\temp\shuanfa\Debug\link-rc.write.1.tlog
D:\new\test\DEMO\DEMO\C++\temp\shuanfa\Debug\link.10616-cvtres.read.1.tlog
D:\new\test\DEMO\DEMO\C++\temp\shuanfa\Debug\link.10616-cvtres.write.1.tlog
D:\new\test\DEMO\DEMO\C++\temp\shuanfa\Debug\link.10616-rc.read.1.tlog
D:\new\test\DEMO\DEMO\C++\temp\shuanfa\Debug\link.10616-rc.write.1.tlog
D:\new\test\DEMO\DEMO\C++\temp\shuanfa\Debug\link.10616.read.1.tlog
D:\new\test\DEMO\DEMO\C++\temp\shuanfa\Debug\link.10616.write.1.tlog
D:\new\test\DEMO\DEMO\C++\temp\shuanfa\Debug\link.5052-cvtres.read.1.tlog
D:\new\test\DEMO\DEMO\C++\temp\shuanfa\Debug\link.5052-cvtres.write.1.tlog
D:\new\test\DEMO\DEMO\C++\temp\shuanfa\Debug\link.5052-rc.read.1.tlog
D:\new\test\DEMO\DEMO\C++\temp\shuanfa\Debug\link.5052-rc.write.1.tlog
D:\new\test\DEMO\DEMO\C++\temp\shuanfa\Debug\link.5052.read.1.tlog
D:\new\test\DEMO\DEMO\C++\temp\shuanfa\Debug\link.5052.write.1.tlog
D:\new\test\DEMO\DEMO\C++\temp\shuanfa\Debug\link.5740-cvtres.read.1.tlog
D:\new\test\DEMO\DEMO\C++\temp\shuanfa\Debug\link.5740-cvtres.write.1.tlog
D:\new\test\DEMO\DEMO\C++\temp\shuanfa\Debug\link.5740-rc.read.1.tlog
D:\new\test\DEMO\DEMO\C++\temp\shuanfa\Debug\link.5740-rc.write.1.tlog
D:\new\test\DEMO\DEMO\C++\temp\shuanfa\Debug\link.5740.read.1.tlog
D:\new\test\DEMO\DEMO\C++\temp\shuanfa\Debug\link.5740.write.1.tlog
D:\new\test\DEMO\DEMO\C++\temp\shuanfa\Debug\link.696-cvtres.read.1.tlog
D:\new\test\DEMO\DEMO\C++\temp\shuanfa\Debug\link.696-cvtres.write.1.tlog
D:\new\test\DEMO\DEMO\C++\temp\shuanfa\Debug\link.696-rc.read.1.tlog
D:\new\test\DEMO\DEMO\C++\temp\shuanfa\Debug\link.696-rc.write.1.tlog
D:\new\test\DEMO\DEMO\C++\temp\shuanfa\Debug\link.696.read.1.tlog
D:\new\test\DEMO\DEMO\C++\temp\shuanfa\Debug\link.696.write.1.tlog
D:\new\test\DEMO\DEMO\C++\temp\shuanfa\Debug\link.7284-cvtres.read.1.tlog
D:\new\test\DEMO\DEMO\C++\temp\shuanfa\Debug\link.7284-cvtres.write.1.tlog
D:\new\test\DEMO\DEMO\C++\temp\shuanfa\Debug\link.7284-rc.read.1.tlog
D:\new\test\DEMO\DEMO\C++\temp\shuanfa\Debug\link.7284-rc.write.1.tlog
D:\new\test\DEMO\DEMO\C++\temp\shuanfa\Debug\link.7284.read.1.tlog
D:\new\test\DEMO\DEMO\C++\temp\shuanfa\Debug\link.7284.write.1.tlog
D:\new\test\DEMO\DEMO\C++\temp\shuanfa\Debug\link.8548-cvtres.read.1.tlog
D:\new\test\DEMO\DEMO\C++\temp\shuanfa\Debug\link.8548-cvtres.write.1.tlog
D:\new\test\DEMO\DEMO\C++\temp\shuanfa\Debug\link.8548-rc.read.1.tlog
D:\new\test\DEMO\DEMO\C++\temp\shuanfa\Debug\link.8548-rc.write.1.tlog
D:\new\test\DEMO\DEMO\C++\temp\shuanfa\Debug\link.8548.read.1.tlog
D:\new\test\DEMO\DEMO\C++\temp\shuanfa\Debug\link.8548.write.1.tlog
D:\new\test\DEMO\DEMO\C++\temp\shuanfa\Debug\link.command.1.tlog
D:\new\test\DEMO\DEMO\C++\temp\shuanfa\Debug\link.read.1.tlog
D:\new\test\DEMO\DEMO\C++\temp\shuanfa\Debug\link.write.1.tlog
D:\new\test\DEMO\DEMO\C++\temp\shuanfa\Debug\shuanfa.pch
D:\new\test\DEMO\DEMO\C++\temp\shuanfa\Debug\vc110.idb
D:\new\test\DEMO\DEMO\C++\temp\shuanfa\Debug\vc110.pdb
D:\new\test\DEMO\DEMO\C++\temp\Debug\shuanfa.pdb
D:\new\test\DEMO\DEMO\C++\temp\Debug\shuanfa.exe
D:\new\test\DEMO\DEMO\C++\temp\Debug\shuanfa.ilk
