D:\NEW\TEST\DEMO\DEMO\C++\TEMP\SHUANFA\DEBUG\SHUANFA.PCH
D:\NEW\TEST\DEMO\DEMO\C++\TEMP\SHUANFA\DEBUG\STDAFX.OBJ
D:\NEW\TEST\DEMO\DEMO\C++\TEMP\SHUANFA\DEBUG\VC110.PDB
D:\NEW\TEST\DEMO\DEMO\C++\TEMP\SHUANFA\DEBUG\SHUANFA.OBJ
D:\new\test\DEMO\DEMO\C++\temp\shuanfa\Debug\shuanfa.obj
D:\new\test\DEMO\DEMO\C++\temp\shuanfa\Debug\stdafx.obj
D:\new\test\DEMO\DEMO\C++\temp\shuanfa\Debug\cl.command.1.tlog
D:\new\test\DEMO\DEMO\C++\temp\shuanfa\Debug\CL.read.1.tlog
D:\new\test\DEMO\DEMO\C++\temp\shuanfa\Debug\CL.write.1.tlog
D:\new\test\DEMO\DEMO\C++\temp\shuanfa\Debug\link-cvtres.read.1.tlog
D:\new\test\DEMO\DEMO\C++\temp\shuanfa\Debug\link-cvtres.write.1.tlog
D:\new\test\DEMO\DEMO\C++\temp\shuanfa\Debug\link-rc.read.1.tlog
D:\new\test\DEMO\DEMO\C++\temp\shuanfa\Debug\link-rc.write.1.tlog
D:\new\test\DEMO\DEMO\C++\temp\shuanfa\Debug\link.command.1.tlog
D:\new\test\DEMO\DEMO\C++\temp\shuanfa\Debug\link.read.1.tlog
D:\new\test\DEMO\DEMO\C++\temp\shuanfa\Debug\link.write.1.tlog
D:\new\test\DEMO\DEMO\C++\temp\shuanfa\Debug\shuanfa.exe.embed.manifest
D:\new\test\DEMO\DEMO\C++\temp\shuanfa\Debug\shuanfa.exe.intermediate.manifest
D:\new\test\DEMO\DEMO\C++\temp\shuanfa\Debug\shuanfa.exe.embed.manifest.res
D:\new\test\DEMO\DEMO\C++\temp\shuanfa\Debug\shuanfa.pch
D:\new\test\DEMO\DEMO\C++\temp\shuanfa\Debug\vc110.idb
D:\new\test\DEMO\DEMO\C++\temp\shuanfa\Debug\vc90.idb
D:\new\test\DEMO\DEMO\C++\temp\shuanfa\Debug\vc110.pdb
D:\new\test\DEMO\DEMO\C++\temp\shuanfa\Debug\vc90.pdb
D:\new\test\DEMO\DEMO\C++\temp\Debug\shuanfa.pdb
